<?xml version="1.0" encoding="UTF-8"?>
<coverage generated="1670909326368" clover="3.2.0">
  <project timestamp="1670909326368" name="All files">
    <metrics statements="119" coveredstatements="77" conditionals="14" coveredconditionals="5" methods="46" coveredmethods="22" elements="179" coveredelements="104" complexity="0" loc="119" ncloc="119" packages="10" files="18" classes="18"/>
    <package name="Front-End-Capstone">
      <metrics statements="2" coveredstatements="2" conditionals="0" coveredconditionals="0" methods="0" coveredmethods="0"/>
      <file name="CSSStub.js" path="/Users/andyma/Desktop/Hack Reactor Sprints/Front-End-Capstone/CSSStub.js">
        <metrics statements="1" coveredstatements="1" conditionals="0" coveredconditionals="0" methods="0" coveredmethods="0"/>
        <line num="1" count="1" type="stmt"/>
      </file>
      <file name="config.js" path="/Users/andyma/Desktop/Hack Reactor Sprints/Front-End-Capstone/config.js">
        <metrics statements="1" coveredstatements="1" conditionals="0" coveredconditionals="0" methods="0" coveredmethods="0"/>
        <line num="1" count="1" type="stmt"/>
      </file>
    </package>
    <package name="Front-End-Capstone.client.src.components.overview">
      <metrics statements="15" coveredstatements="12" conditionals="2" coveredconditionals="1" methods="7" coveredmethods="5"/>
      <file name="index.jsx" path="/Users/andyma/Desktop/Hack Reactor Sprints/Front-End-Capstone/client/src/components/overview/index.jsx">
        <metrics statements="15" coveredstatements="12" conditionals="2" coveredconditionals="1" methods="7" coveredmethods="5"/>
        <line num="9" count="1" type="stmt"/>
        <line num="10" count="1" type="stmt"/>
        <line num="18" count="1" type="stmt"/>
        <line num="19" count="1" type="stmt"/>
        <line num="20" count="1" type="stmt"/>
        <line num="24" count="1" type="stmt"/>
        <line num="25" count="1" type="stmt"/>
        <line num="26" count="1" type="stmt"/>
        <line num="27" count="1" type="stmt"/>
        <line num="31" count="0" type="stmt"/>
        <line num="32" count="0" type="stmt"/>
        <line num="36" count="0" type="stmt"/>
        <line num="39" count="1" type="stmt"/>
        <line num="42" count="2" type="stmt"/>
        <line num="59" count="2" type="stmt"/>
      </file>
    </package>
    <package name="Front-End-Capstone.client.src.components.q&a">
      <metrics statements="13" coveredstatements="13" conditionals="0" coveredconditionals="0" methods="7" coveredmethods="7"/>
      <file name="answers.jsx" path="/Users/andyma/Desktop/Hack Reactor Sprints/Front-End-Capstone/client/src/components/q&a/answers.jsx">
        <metrics statements="6" coveredstatements="6" conditionals="0" coveredconditionals="0" methods="2" coveredmethods="2"/>
        <line num="4" count="2" type="stmt"/>
        <line num="5" count="2" type="stmt"/>
        <line num="6" count="2" type="stmt"/>
        <line num="8" count="3" type="stmt"/>
        <line num="10" count="2" type="stmt"/>
        <line num="12" count="2" type="stmt"/>
      </file>
      <file name="index.jsx" path="/Users/andyma/Desktop/Hack Reactor Sprints/Front-End-Capstone/client/src/components/q&a/index.jsx">
        <metrics statements="6" coveredstatements="6" conditionals="0" coveredconditionals="0" methods="4" coveredmethods="4"/>
        <line num="4" count="1" type="stmt"/>
        <line num="8" count="1" type="stmt"/>
        <line num="9" count="1" type="stmt"/>
        <line num="15" count="1" type="stmt"/>
        <line num="19" count="1" type="stmt"/>
        <line num="33" count="2" type="stmt"/>
      </file>
      <file name="individualQuestion.jsx" path="/Users/andyma/Desktop/Hack Reactor Sprints/Front-End-Capstone/client/src/components/q&a/individualQuestion.jsx">
        <metrics statements="1" coveredstatements="1" conditionals="0" coveredconditionals="0" methods="1" coveredmethods="1"/>
        <line num="5" count="2" type="stmt"/>
      </file>
    </package>
    <package name="Front-End-Capstone.client.src.components.q&a.fixtures">
      <metrics statements="1" coveredstatements="1" conditionals="0" coveredconditionals="0" methods="0" coveredmethods="0"/>
      <file name="sampleData.js" path="/Users/andyma/Desktop/Hack Reactor Sprints/Front-End-Capstone/client/src/components/q&a/fixtures/sampleData.js">
        <metrics statements="1" coveredstatements="1" conditionals="0" coveredconditionals="0" methods="0" coveredmethods="0"/>
        <line num="1" count="1" type="stmt"/>
      </file>
    </package>
    <package name="Front-End-Capstone.client.src.components.ratings&reviews">
      <metrics statements="19" coveredstatements="15" conditionals="2" coveredconditionals="1" methods="6" coveredmethods="4"/>
      <file name="Reviews.jsx" path="/Users/andyma/Desktop/Hack Reactor Sprints/Front-End-Capstone/client/src/components/ratings&reviews/Reviews.jsx">
        <metrics statements="19" coveredstatements="15" conditionals="2" coveredconditionals="1" methods="6" coveredmethods="4"/>
        <line num="10" count="6" type="stmt"/>
        <line num="11" count="5" type="stmt"/>
        <line num="12" count="5" type="stmt"/>
        <line num="13" count="5" type="stmt"/>
        <line num="14" count="10" type="stmt"/>
        <line num="17" count="5" type="stmt"/>
        <line num="18" count="5" type="stmt"/>
        <line num="19" count="5" type="stmt"/>
        <line num="24" count="5" type="stmt"/>
        <line num="29" count="5" type="stmt"/>
        <line num="30" count="5" type="stmt"/>
        <line num="32" count="5" type="stmt"/>
        <line num="36" count="5" type="stmt"/>
        <line num="37" count="0" type="stmt"/>
        <line num="38" count="0" type="stmt"/>
        <line num="40" count="5" type="stmt"/>
        <line num="41" count="0" type="stmt"/>
        <line num="42" count="0" type="stmt"/>
        <line num="44" count="5" type="stmt"/>
      </file>
    </package>
    <package name="Front-End-Capstone.client.src.components.ratings&reviews.Reviews">
      <metrics statements="36" coveredstatements="6" conditionals="6" coveredconditionals="0" methods="20" coveredmethods="3"/>
      <file name="Form.jsx" path="/Users/andyma/Desktop/Hack Reactor Sprints/Front-End-Capstone/client/src/components/ratings&reviews/Reviews/Form.jsx">
        <metrics statements="17" coveredstatements="0" conditionals="2" coveredconditionals="0" methods="10" coveredmethods="0"/>
        <line num="7" count="0" type="stmt"/>
        <line num="19" count="0" type="stmt"/>
        <line num="22" count="0" type="stmt"/>
        <line num="25" count="0" type="stmt"/>
        <line num="28" count="0" type="stmt"/>
        <line num="31" count="0" type="cond" truecount="0" falsecount="2"/>
        <line num="32" count="0" type="stmt"/>
        <line num="34" count="0" type="stmt"/>
        <line num="38" count="0" type="stmt"/>
        <line num="39" count="0" type="stmt"/>
        <line num="40" count="0" type="stmt"/>
        <line num="41" count="0" type="stmt"/>
        <line num="43" count="0" type="stmt"/>
        <line num="46" count="0" type="stmt"/>
        <line num="50" count="0" type="stmt"/>
        <line num="51" count="0" type="stmt"/>
        <line num="53" count="0" type="stmt"/>
      </file>
      <file name="IndividualReview.jsx" path="/Users/andyma/Desktop/Hack Reactor Sprints/Front-End-Capstone/client/src/components/ratings&reviews/Reviews/IndividualReview.jsx">
        <metrics statements="3" coveredstatements="3" conditionals="0" coveredconditionals="0" methods="2" coveredmethods="2"/>
        <line num="6" count="10" type="stmt"/>
        <line num="7" count="10" type="stmt"/>
        <line num="9" count="10" type="stmt"/>
      </file>
      <file name="ReviewDate.jsx" path="/Users/andyma/Desktop/Hack Reactor Sprints/Front-End-Capstone/client/src/components/ratings&reviews/Reviews/ReviewDate.jsx">
        <metrics statements="2" coveredstatements="2" conditionals="0" coveredconditionals="0" methods="1" coveredmethods="1"/>
        <line num="6" count="10" type="stmt"/>
        <line num="11" count="10" type="stmt"/>
      </file>
      <file name="StarRating.jsx" path="/Users/andyma/Desktop/Hack Reactor Sprints/Front-End-Capstone/client/src/components/ratings&reviews/Reviews/StarRating.jsx">
        <metrics statements="14" coveredstatements="1" conditionals="4" coveredconditionals="0" methods="7" coveredmethods="0"/>
        <line num="4" count="1" type="stmt"/>
        <line num="5" count="0" type="stmt"/>
        <line num="6" count="0" type="stmt"/>
        <line num="8" count="0" type="stmt"/>
        <line num="9" count="0" type="stmt"/>
        <line num="11" count="0" type="stmt"/>
        <line num="12" count="0" type="stmt"/>
        <line num="15" count="0" type="stmt"/>
        <line num="16" count="0" type="stmt"/>
        <line num="17" count="0" type="stmt"/>
        <line num="23" count="0" type="stmt"/>
        <line num="26" count="0" type="stmt"/>
        <line num="27" count="0" type="stmt"/>
        <line num="32" count="0" type="stmt"/>
      </file>
    </package>
    <package name="Front-End-Capstone.client.src.components.ratings&reviews.Stars">
      <metrics statements="14" coveredstatements="12" conditionals="4" coveredconditionals="3" methods="3" coveredmethods="2"/>
      <file name="StarOverview.jsx" path="/Users/andyma/Desktop/Hack Reactor Sprints/Front-End-Capstone/client/src/components/ratings&reviews/Stars/StarOverview.jsx">
        <metrics statements="14" coveredstatements="12" conditionals="4" coveredconditionals="3" methods="3" coveredmethods="2"/>
        <line num="6" count="10" type="stmt"/>
        <line num="7" count="10" type="stmt"/>
        <line num="8" count="5" type="stmt"/>
        <line num="9" count="5" type="stmt"/>
        <line num="10" count="5" type="stmt"/>
        <line num="11" count="5" type="stmt"/>
        <line num="12" count="5" type="cond" truecount="2" falsecount="0"/>
        <line num="13" count="0" type="stmt"/>
        <line num="14" count="0" type="stmt"/>
        <line num="16" count="5" type="stmt"/>
        <line num="17" count="5" type="stmt"/>
        <line num="18" count="5" type="stmt"/>
        <line num="19" count="5" type="stmt"/>
        <line num="22" count="10" type="stmt"/>
      </file>
    </package>
    <package name="Front-End-Capstone.fixtures.Overview">
      <metrics statements="6" coveredstatements="6" conditionals="0" coveredconditionals="0" methods="0" coveredmethods="0"/>
      <file name="IdProducts.js" path="/Users/andyma/Desktop/Hack Reactor Sprints/Front-End-Capstone/fixtures/Overview/IdProducts.js">
        <metrics statements="2" coveredstatements="2" conditionals="0" coveredconditionals="0" methods="0" coveredmethods="0"/>
        <line num="1" count="1" type="stmt"/>
        <line num="69" count="1" type="stmt"/>
      </file>
      <file name="Products.js" path="/Users/andyma/Desktop/Hack Reactor Sprints/Front-End-Capstone/fixtures/Overview/Products.js">
        <metrics statements="2" coveredstatements="2" conditionals="0" coveredconditionals="0" methods="0" coveredmethods="0"/>
        <line num="1" count="1" type="stmt"/>
        <line num="28" count="1" type="stmt"/>
      </file>
      <file name="ProductsID.js" path="/Users/andyma/Desktop/Hack Reactor Sprints/Front-End-Capstone/fixtures/Overview/ProductsID.js">
        <metrics statements="2" coveredstatements="2" conditionals="0" coveredconditionals="0" methods="0" coveredmethods="0"/>
        <line num="1" count="1" type="stmt"/>
        <line num="20" count="1" type="stmt"/>
      </file>
    </package>
    <package name="Front-End-Capstone.fixtures.ratings&reviews">
      <metrics statements="4" coveredstatements="4" conditionals="0" coveredconditionals="0" methods="0" coveredmethods="0"/>
      <file name="ReviewExampleData.js" path="/Users/andyma/Desktop/Hack Reactor Sprints/Front-End-Capstone/fixtures/ratings&reviews/ReviewExampleData.js">
        <metrics statements="4" coveredstatements="4" conditionals="0" coveredconditionals="0" methods="0" coveredmethods="0"/>
        <line num="1" count="2" type="stmt"/>
        <line num="43" count="2" type="stmt"/>
        <line num="71" count="2" type="stmt"/>
        <line num="72" count="2" type="stmt"/>
      </file>
    </package>
    <package name="Front-End-Capstone.helpers">
      <metrics statements="9" coveredstatements="6" conditionals="0" coveredconditionals="0" methods="3" coveredmethods="1"/>
      <file name="q&a.js" path="/Users/andyma/Desktop/Hack Reactor Sprints/Front-End-Capstone/helpers/q&a.js">
        <metrics statements="9" coveredstatements="6" conditionals="0" coveredconditionals="0" methods="3" coveredmethods="1"/>
        <line num="1" count="1" type="stmt"/>
        <line num="2" count="1" type="stmt"/>
        <line num="4" count="1" type="stmt"/>
        <line num="5" count="1" type="stmt"/>
        <line num="12" count="1" type="stmt"/>
        <line num="14" count="0" type="stmt"/>
        <line num="15" count="0" type="stmt"/>
        <line num="18" count="0" type="stmt"/>
        <line num="22" count="1" type="stmt"/>
      </file>
    </package>
  </project>
</coverage>
