TN:
SF:CSSStub.js
FNF:0
FNH:0
DA:1,1
LF:1
LH:1
BRF:0
BRH:0
end_of_record
TN:
SF:config.js
FNF:0
FNH:0
DA:1,1
LF:1
LH:1
BRF:0
BRH:0
end_of_record
TN:
SF:client/src/components/overview/index.jsx
FN:8,(anonymous_0)
FN:23,(anonymous_1)
FN:30,(anonymous_2)
FN:35,(anonymous_3)
FN:39,(anonymous_4)
FN:40,(anonymous_5)
FN:59,(anonymous_6)
FNF:7
FNH:5
FNDA:1,(anonymous_0)
FNDA:1,(anonymous_1)
FNDA:0,(anonymous_2)
FNDA:0,(anonymous_3)
FNDA:1,(anonymous_4)
FNDA:2,(anonymous_5)
FNDA:2,(anonymous_6)
DA:9,1
DA:10,1
DA:18,1
DA:19,1
DA:20,1
DA:24,1
DA:25,1
DA:26,1
DA:27,1
DA:31,0
DA:32,0
DA:36,0
DA:39,1
DA:42,2
DA:59,2
LF:15
LH:12
BRDA:56,0,0,2
BRDA:56,0,1,0
BRF:2
BRH:1
end_of_record
TN:
SF:client/src/components/q&a/answers.jsx
FN:3,Answers
FN:4,(anonymous_1)
FNF:2
FNH:2
FNDA:2,Answers
FNDA:2,(anonymous_1)
DA:4,2
DA:5,2
DA:6,2
DA:8,3
DA:10,2
DA:12,2
LF:6
LH:6
BRF:0
BRH:0
end_of_record
TN:
SF:client/src/components/q&a/index.jsx
FN:7,(anonymous_0)
FN:14,(anonymous_1)
FN:18,(anonymous_2)
FN:32,(anonymous_3)
FNF:4
FNH:4
FNDA:1,(anonymous_0)
FNDA:1,(anonymous_1)
FNDA:1,(anonymous_2)
FNDA:2,(anonymous_3)
DA:4,1
DA:8,1
DA:9,1
DA:15,1
DA:19,1
DA:33,2
LF:6
LH:6
BRF:0
BRH:0
end_of_record
TN:
SF:client/src/components/q&a/individualQuestion.jsx
FN:4,IndividualQuestion
FNF:1
FNH:1
FNDA:2,IndividualQuestion
DA:5,2
LF:1
LH:1
BRF:0
BRH:0
end_of_record
TN:
SF:client/src/components/q&a/fixtures/sampleData.js
FNF:0
FNH:0
DA:1,1
LF:1
LH:1
BRF:0
BRH:0
end_of_record
TN:
SF:client/src/components/ratings&reviews/Reviews.jsx
FN:9,RatingsReviews
FN:13,(anonymous_1)
FN:17,(anonymous_2)
FN:18,(anonymous_3)
FN:36,(anonymous_4)
FN:40,(anonymous_5)
FNF:6
FNH:4
FNDA:4,RatingsReviews
FNDA:6,(anonymous_1)
FNDA:3,(anonymous_2)
FNDA:3,(anonymous_3)
FNDA:0,(anonymous_4)
FNDA:0,(anonymous_5)
DA:10,4
DA:11,3
DA:12,3
DA:13,3
DA:14,6
DA:17,3
DA:18,3
DA:19,3
DA:24,3
DA:29,3
DA:30,3
DA:32,3
DA:36,3
DA:37,0
DA:38,0
DA:40,3
DA:41,0
DA:42,0
DA:44,3
LF:19
LH:15
BRDA:47,0,0,3
BRDA:47,0,1,0
BRF:2
BRH:1
end_of_record
TN:
SF:client/src/components/ratings&reviews/Reviews/Form.jsx
FN:6,Form
FN:18,onRatingChange
FN:21,onChangeForm
FN:24,onCharacteristicChange
FN:27,onFileChange
FN:30,onRecommendChange
FN:37,handleSubmit
FN:42,(anonymous_7)
FN:45,(anonymous_8)
FN:50,(anonymous_9)
FNF:10
FNH:0
FNDA:0,Form
FNDA:0,onRatingChange
FNDA:0,onChangeForm
FNDA:0,onCharacteristicChange
FNDA:0,onFileChange
FNDA:0,onRecommendChange
FNDA:0,handleSubmit
FNDA:0,(anonymous_7)
FNDA:0,(anonymous_8)
FNDA:0,(anonymous_9)
DA:7,0
DA:19,0
DA:22,0
DA:25,0
DA:28,0
DA:31,0
DA:32,0
DA:34,0
DA:38,0
DA:39,0
DA:40,0
DA:41,0
DA:43,0
DA:46,0
DA:50,0
DA:51,0
DA:53,0
LF:17
LH:0
BRDA:31,0,0,0
BRDA:31,0,1,0
BRF:2
BRH:0
end_of_record
TN:
SF:client/src/components/ratings&reviews/Reviews/IndividualReview.jsx
FN:5,IndividualReview
FN:6,(anonymous_1)
FNF:2
FNH:2
FNDA:6,IndividualReview
FNDA:6,(anonymous_1)
DA:6,6
DA:7,6
DA:9,6
LF:3
LH:3
BRF:0
BRH:0
end_of_record
TN:
SF:client/src/components/ratings&reviews/Reviews/ReviewDate.jsx
FN:5,ReviewDate
FNF:1
FNH:1
FNDA:6,ReviewDate
DA:6,6
DA:11,6
LF:2
LH:2
BRF:0
BRH:0
end_of_record
TN:
SF:client/src/components/ratings&reviews/Reviews/StarRating.jsx
FN:4,(anonymous_0)
FN:8,(anonymous_1)
FN:11,(anonymous_2)
FN:15,(anonymous_3)
FN:23,(anonymous_4)
FN:26,(anonymous_5)
FN:27,(anonymous_6)
FNF:7
FNH:0
FNDA:0,(anonymous_0)
FNDA:0,(anonymous_1)
FNDA:0,(anonymous_2)
FNDA:0,(anonymous_3)
FNDA:0,(anonymous_4)
FNDA:0,(anonymous_5)
FNDA:0,(anonymous_6)
DA:4,1
DA:5,0
DA:6,0
DA:8,0
DA:9,0
DA:11,0
DA:12,0
DA:15,0
DA:16,0
DA:17,0
DA:23,0
DA:26,0
DA:27,0
DA:32,0
LF:14
LH:1
BRDA:25,0,0,0
BRDA:25,0,1,0
BRDA:25,1,0,0
BRDA:25,1,1,0
BRF:4
BRH:0
end_of_record
TN:
SF:client/src/components/ratings&reviews/Stars/StarOverview.jsx
FN:5,StarOverview
FN:7,(anonymous_1)
FN:12,(anonymous_2)
FNF:3
FNH:2
FNDA:6,StarOverview
FNDA:3,(anonymous_1)
FNDA:0,(anonymous_2)
DA:6,6
DA:7,6
DA:8,3
DA:9,3
DA:10,3
DA:11,3
DA:12,3
DA:13,0
DA:14,0
DA:16,3
DA:17,3
DA:18,3
DA:19,3
DA:22,6
LF:14
LH:12
BRDA:12,0,0,3
BRDA:12,0,1,3
BRDA:24,1,0,0
BRDA:24,1,1,6
BRF:4
BRH:3
end_of_record
TN:
SF:fixtures/Overview/IdProducts.js
FNF:0
FNH:0
DA:1,1
DA:69,1
LF:2
LH:2
BRF:0
BRH:0
end_of_record
TN:
SF:fixtures/Overview/Products.js
FNF:0
FNH:0
DA:1,1
DA:28,1
LF:2
LH:2
BRF:0
BRH:0
end_of_record
TN:
SF:fixtures/Overview/ProductsID.js
FNF:0
FNH:0
DA:1,1
DA:20,1
LF:2
LH:2
BRF:0
BRH:0
end_of_record
TN:
SF:fixtures/ratings&reviews/ReviewExampleData.js
FNF:0
FNH:0
DA:1,2
DA:43,2
DA:71,2
DA:72,2
LF:4
LH:4
BRF:0
BRH:0
end_of_record
TN:
SF:helpers/q&a.js
FN:4,(anonymous_0)
FN:13,(anonymous_1)
FN:17,(anonymous_2)
FNF:3
FNH:1
FNDA:1,(anonymous_0)
FNDA:0,(anonymous_1)
FNDA:0,(anonymous_2)
DA:1,1
DA:2,1
DA:4,1
DA:5,1
DA:12,1
DA:14,0
DA:15,0
DA:18,0
DA:22,1
LF:9
LH:6
BRF:0
BRH:0
end_of_record
