TN:
SF:CSSStub.js
FNF:0
FNH:0
DA:1,2
LF:1
LH:1
BRF:0
BRH:0
end_of_record
TN:
SF:config.js
FNF:0
FNH:0
DA:1,2
LF:1
LH:1
BRF:0
BRH:0
end_of_record
TN:
SF:client/src/App.jsx
FN:10,(anonymous_0)
FN:18,(anonymous_1)
FN:21,(anonymous_2)
FN:28,(anonymous_3)
FNF:4
FNH:2
FNDA:1,(anonymous_0)
FNDA:0,(anonymous_1)
FNDA:0,(anonymous_2)
FNDA:1,(anonymous_3)
DA:11,1
DA:12,1
DA:15,1
DA:19,0
DA:22,0
DA:29,1
LF:6
LH:4
BRF:0
BRH:0
end_of_record
TN:
SF:client/src/components/overview/index.jsx
FN:8,(anonymous_0)
FN:23,(anonymous_1)
FN:30,(anonymous_2)
FN:35,(anonymous_3)
FN:39,(anonymous_4)
FN:40,(anonymous_5)
FN:59,(anonymous_6)
FNF:7
FNH:5
FNDA:2,(anonymous_0)
FNDA:2,(anonymous_1)
FNDA:0,(anonymous_2)
FNDA:0,(anonymous_3)
FNDA:2,(anonymous_4)
FNDA:4,(anonymous_5)
FNDA:4,(anonymous_6)
DA:9,2
DA:10,2
DA:18,2
DA:19,2
DA:20,2
DA:24,2
DA:25,2
DA:26,2
DA:27,2
DA:31,0
DA:32,0
DA:36,0
DA:39,2
DA:42,4
DA:59,4
LF:15
LH:12
BRDA:56,0,0,4
BRDA:56,0,1,0
BRF:2
BRH:1
end_of_record
TN:
SF:client/src/components/q&a/answers.jsx
FN:3,Answers
FN:4,(anonymous_1)
FNF:2
FNH:2
FNDA:4,Answers
FNDA:4,(anonymous_1)
DA:4,4
DA:5,4
DA:6,4
DA:8,6
DA:10,4
DA:12,4
LF:6
LH:6
BRF:0
BRH:0
end_of_record
TN:
SF:client/src/components/q&a/index.jsx
FN:7,(anonymous_0)
FN:14,(anonymous_1)
FN:18,(anonymous_2)
FN:32,(anonymous_3)
FNF:4
FNH:4
FNDA:2,(anonymous_0)
FNDA:2,(anonymous_1)
FNDA:2,(anonymous_2)
FNDA:4,(anonymous_3)
DA:4,2
DA:8,2
DA:9,2
DA:15,2
DA:19,2
DA:33,4
LF:6
LH:6
BRF:0
BRH:0
end_of_record
TN:
SF:client/src/components/q&a/individualQuestion.jsx
FN:4,IndividualQuestion
FNF:1
FNH:1
FNDA:4,IndividualQuestion
DA:5,4
LF:1
LH:1
BRF:0
BRH:0
end_of_record
TN:
SF:client/src/components/q&a/fixtures/sampleData.js
FNF:0
FNH:0
DA:1,2
LF:1
LH:1
BRF:0
BRH:0
end_of_record
TN:
SF:client/src/components/ratings&reviews/Reviews.jsx
FN:9,RatingsReviews
FN:13,(anonymous_1)
FN:17,(anonymous_2)
FN:18,(anonymous_3)
FN:36,(anonymous_4)
FN:40,(anonymous_5)
FNF:6
FNH:4
FNDA:1,RatingsReviews
FNDA:2,(anonymous_1)
FNDA:1,(anonymous_2)
FNDA:1,(anonymous_3)
FNDA:0,(anonymous_4)
FNDA:0,(anonymous_5)
DA:10,1
DA:11,1
DA:12,1
DA:13,1
DA:14,2
DA:17,1
DA:18,1
DA:19,1
DA:24,0
DA:29,0
DA:30,0
DA:32,1
DA:36,1
DA:37,0
DA:38,0
DA:40,1
DA:41,0
DA:42,0
DA:44,1
LF:19
LH:12
BRDA:46,0,0,1
BRDA:46,0,1,0
BRF:2
BRH:1
end_of_record
TN:
SF:client/src/components/ratings&reviews/Reviews/Form.jsx
FN:6,Form
FN:18,onRatingChange
FN:21,onChangeForm
FN:24,onCharacteristicChange
FN:27,onFileChange
FN:30,onRecommendChange
FN:37,handleSubmit
FN:42,(anonymous_7)
FN:45,(anonymous_8)
FN:50,(anonymous_9)
FNF:10
FNH:0
FNDA:0,Form
FNDA:0,onRatingChange
FNDA:0,onChangeForm
FNDA:0,onCharacteristicChange
FNDA:0,onFileChange
FNDA:0,onRecommendChange
FNDA:0,handleSubmit
FNDA:0,(anonymous_7)
FNDA:0,(anonymous_8)
FNDA:0,(anonymous_9)
DA:7,0
DA:19,0
DA:22,0
DA:25,0
DA:28,0
DA:31,0
DA:32,0
DA:34,0
DA:38,0
DA:39,0
DA:40,0
DA:41,0
DA:43,0
DA:46,0
DA:50,0
DA:51,0
DA:53,0
LF:17
LH:0
BRDA:31,0,0,0
BRDA:31,0,1,0
BRF:2
BRH:0
end_of_record
TN:
SF:client/src/components/ratings&reviews/Reviews/IndividualReview.jsx
FN:5,IndividualReview
FN:6,(anonymous_1)
FNF:2
FNH:2
FNDA:2,IndividualReview
FNDA:2,(anonymous_1)
DA:6,2
DA:7,2
DA:9,2
LF:3
LH:3
BRF:0
BRH:0
end_of_record
TN:
SF:client/src/components/ratings&reviews/Reviews/ReviewDate.jsx
FN:5,ReviewDate
FNF:1
FNH:1
FNDA:2,ReviewDate
DA:6,2
DA:11,2
LF:2
LH:2
BRF:0
BRH:0
end_of_record
TN:
SF:client/src/components/ratings&reviews/Reviews/StarRating.jsx
FN:4,(anonymous_0)
FN:8,(anonymous_1)
FN:11,(anonymous_2)
FN:15,(anonymous_3)
FN:23,(anonymous_4)
FN:26,(anonymous_5)
FN:27,(anonymous_6)
FNF:7
FNH:0
FNDA:0,(anonymous_0)
FNDA:0,(anonymous_1)
FNDA:0,(anonymous_2)
FNDA:0,(anonymous_3)
FNDA:0,(anonymous_4)
FNDA:0,(anonymous_5)
FNDA:0,(anonymous_6)
DA:4,2
DA:5,0
DA:6,0
DA:8,0
DA:9,0
DA:11,0
DA:12,0
DA:15,0
DA:16,0
DA:17,0
DA:23,0
DA:26,0
DA:27,0
DA:32,0
LF:14
LH:1
BRDA:25,0,0,0
BRDA:25,0,1,0
BRDA:25,1,0,0
BRDA:25,1,1,0
BRF:4
BRH:0
end_of_record
TN:
SF:client/src/components/ratings&reviews/Stars/StarOverview.jsx
FN:5,StarOverview
FN:7,(anonymous_1)
FN:12,(anonymous_2)
FNF:3
FNH:2
FNDA:2,StarOverview
FNDA:1,(anonymous_1)
FNDA:0,(anonymous_2)
DA:6,2
DA:7,2
DA:8,1
DA:9,1
DA:10,1
DA:11,1
DA:12,1
DA:13,0
DA:14,0
DA:16,1
DA:17,1
DA:18,1
DA:19,1
DA:22,2
LF:14
LH:12
BRDA:12,0,0,1
BRDA:12,0,1,1
BRDA:24,1,0,0
BRDA:24,1,1,2
BRF:4
BRH:3
end_of_record
TN:
SF:client/src/components/relatedItems&comp/Outfits.jsx
FN:9,(anonymous_0)
FN:21,(anonymous_1)
FN:29,(anonymous_2)
FN:35,(anonymous_3)
FN:40,(anonymous_4)
FN:43,(anonymous_5)
FN:47,(anonymous_6)
FN:59,(anonymous_7)
FN:62,(anonymous_8)
FN:67,(anonymous_9)
FNF:10
FNH:6
FNDA:3,(anonymous_0)
FNDA:2,(anonymous_1)
FNDA:0,(anonymous_2)
FNDA:0,(anonymous_3)
FNDA:2,(anonymous_4)
FNDA:2,(anonymous_5)
FNDA:2,(anonymous_6)
FNDA:0,(anonymous_7)
FNDA:0,(anonymous_8)
FNDA:7,(anonymous_9)
DA:10,3
DA:11,3
DA:16,3
DA:17,3
DA:18,3
DA:22,2
DA:30,0
DA:31,0
DA:36,0
DA:41,2
DA:44,2
DA:45,2
DA:48,2
DA:49,2
DA:52,0
DA:60,0
DA:63,0
DA:68,7
LF:18
LH:12
BRDA:44,0,0,2
BRDA:44,0,1,0
BRF:2
BRH:1
end_of_record
TN:
SF:client/src/components/relatedItems&comp/RelatedItemsComp.jsx
FN:9,(anonymous_0)
FN:21,(anonymous_1)
FN:25,(anonymous_2)
FN:35,(anonymous_3)
FN:39,(anonymous_4)
FN:48,(anonymous_5)
FN:54,(anonymous_6)
FN:57,(anonymous_7)
FN:62,(anonymous_8)
FN:67,(anonymous_9)
FN:70,(anonymous_10)
FN:75,(anonymous_11)
FNF:12
FNH:4
FNDA:4,(anonymous_0)
FNDA:4,(anonymous_1)
FNDA:4,(anonymous_2)
FNDA:0,(anonymous_3)
FNDA:0,(anonymous_4)
FNDA:0,(anonymous_5)
FNDA:0,(anonymous_6)
FNDA:0,(anonymous_7)
FNDA:0,(anonymous_8)
FNDA:0,(anonymous_9)
FNDA:0,(anonymous_10)
FNDA:4,(anonymous_11)
DA:10,4
DA:11,4
DA:17,4
DA:18,4
DA:22,4
DA:26,4
DA:27,4
DA:28,4
DA:36,0
DA:37,0
DA:40,0
DA:41,0
DA:49,0
DA:53,0
DA:55,0
DA:58,0
DA:63,0
DA:68,0
DA:71,0
DA:72,0
DA:76,4
LF:21
LH:9
BRF:0
BRH:0
end_of_record
TN:
SF:client/src/components/relatedItems&comp/carousel.jsx
FN:9,Carousel
FN:12,(anonymous_1)
FN:28,(anonymous_2)
FN:40,(anonymous_3)
FN:43,(anonymous_4)
FN:56,(anonymous_5)
FN:59,(anonymous_6)
FNF:7
FNH:4
FNDA:6,Carousel
FNDA:2,(anonymous_1)
FNDA:0,(anonymous_2)
FNDA:0,(anonymous_3)
FNDA:0,(anonymous_4)
FNDA:1,(anonymous_5)
FNDA:1,(anonymous_6)
DA:10,6
DA:11,6
DA:12,6
DA:13,2
DA:14,1
DA:15,1
DA:16,0
DA:17,1
DA:18,0
DA:19,1
DA:20,1
DA:23,6
DA:24,0
DA:30,0
DA:40,0
DA:43,0
DA:49,6
DA:56,1
DA:59,1
LF:19
LH:13
BRDA:13,0,0,1
BRDA:13,0,1,1
BRDA:13,1,0,2
BRDA:13,1,1,2
BRDA:15,2,0,0
BRDA:15,2,1,1
BRDA:17,3,0,0
BRDA:17,3,1,1
BRDA:17,4,0,1
BRDA:17,4,1,0
BRDA:19,5,0,1
BRDA:19,5,1,0
BRDA:23,6,0,0
BRDA:23,6,1,6
BRF:14
BRH:9
end_of_record
TN:
SF:client/src/components/relatedItems&comp/outfit_carousel.jsx
FN:9,Outfit_Carousel
FN:12,(anonymous_1)
FN:28,(anonymous_2)
FN:40,(anonymous_3)
FN:44,(anonymous_4)
FN:47,(anonymous_5)
FNF:6
FNH:2
FNDA:7,Outfit_Carousel
FNDA:0,(anonymous_1)
FNDA:0,(anonymous_2)
FNDA:2,(anonymous_3)
FNDA:0,(anonymous_4)
FNDA:0,(anonymous_5)
DA:10,7
DA:11,7
DA:12,7
DA:13,0
DA:14,0
DA:15,0
DA:16,0
DA:17,0
DA:18,0
DA:19,0
DA:20,0
DA:24,7
DA:30,0
DA:41,2
DA:44,0
DA:47,0
LF:16
LH:5
BRDA:13,0,0,0
BRDA:13,0,1,0
BRDA:13,1,0,0
BRDA:13,1,1,0
BRDA:15,2,0,0
BRDA:15,2,1,0
BRDA:17,3,0,0
BRDA:17,3,1,0
BRDA:17,4,0,0
BRDA:17,4,1,0
BRDA:19,5,0,0
BRDA:19,5,1,0
BRF:12
BRH:0
end_of_record
TN:
SF:client/src/components/relatedItems&comp/productcard.jsx
FN:5,ProductCards
FN:13,(anonymous_1)
FNF:2
FNH:0
FNDA:0,ProductCards
FNDA:0,(anonymous_1)
DA:6,0
DA:7,0
DA:8,0
DA:10,0
DA:12,0
DA:14,0
LF:6
LH:0
BRDA:7,0,0,0
BRDA:7,0,1,0
BRF:2
BRH:0
end_of_record
TN:
SF:fixtures/Overview/IdProducts.js
FNF:0
FNH:0
DA:1,2
DA:69,2
LF:2
LH:2
BRF:0
BRH:0
end_of_record
TN:
SF:fixtures/Overview/Products.js
FNF:0
FNH:0
DA:1,2
DA:28,2
LF:2
LH:2
BRF:0
BRH:0
end_of_record
TN:
SF:fixtures/Overview/ProductsID.js
FNF:0
FNH:0
DA:1,2
DA:20,2
LF:2
LH:2
BRF:0
BRH:0
end_of_record
TN:
SF:fixtures/ratings&reviews/ReviewExampleData.js
FNF:0
FNH:0
DA:1,3
DA:43,3
LF:2
LH:2
BRF:0
BRH:0
end_of_record
TN:
SF:helpers/q&a.js
FN:4,(anonymous_0)
FN:13,(anonymous_1)
FN:17,(anonymous_2)
FNF:3
FNH:1
FNDA:2,(anonymous_0)
FNDA:0,(anonymous_1)
FNDA:0,(anonymous_2)
DA:1,2
DA:2,2
DA:4,2
DA:5,2
DA:12,2
DA:14,0
DA:15,0
DA:18,0
DA:22,2
LF:9
LH:6
BRF:0
BRH:0
end_of_record
